19:59:22.984 INFO  i.g.bonigarcia.wdm.WebDriverManager - Using chromedriver 102.0.5005.61 (resolved driver for Chrome 102)
19:59:22.997 INFO  i.g.bonigarcia.wdm.WebDriverManager - Exporting webdriver.chrome.driver as C:\Users\User\.cache\selenium\chromedriver\win32\102.0.5005.61\chromedriver.exe
19:59:26.555 INFO  TestBase - Test starts fillInTheFormTest
19:59:26.556 INFO  TestBase - This test with data: John maga@gmail.com
19:59:26.556 INFO  MyListener - Start find element--->By.xpath: //div//h5[text()='Elements']
19:59:26.565 INFO  MyListener - The element--->By.xpath: //div//h5[text()='Elements'] was found
19:59:28.124 INFO  MyListener - Start find element--->By.xpath: //span[text()='Text Box']
19:59:28.144 INFO  MyListener - The element--->By.xpath: //span[text()='Text Box'] was found
19:59:28.189 INFO  MyListener - Start find element--->By.xpath: //*[@placeholder='Full Name']
19:59:28.197 INFO  MyListener - The element--->By.xpath: //*[@placeholder='Full Name'] was found
19:59:28.259 INFO  MyListener - Start find element--->By.xpath: //*[@placeholder='name@example.com']
19:59:28.269 INFO  MyListener - The element--->By.xpath: //*[@placeholder='name@example.com'] was found
19:59:28.336 INFO  MyListener - Start find element--->By.xpath: //*[@placeholder='Current Addres']
19:59:38.348 INFO  MyListener - 'We faced the problem' no such element: Unable to locate element: {"method":"xpath","selector":"//*[@placeholder='Current Addres']"}
  (Session info: chrome=102.0.5005.115)
For documentation on this error, please visit: https://www.seleniumhq.org/exceptions/no_such_element.html
Build info: version: '3.141.59', revision: 'e82be7d358', time: '2018-11-14T08:17:03'
System info: host: 'PKMONSTER', ip: '26.121.132.97', os.name: 'Windows 10', os.arch: 'amd64', os.version: '10.0', java.version: '1.8.0_282'
Driver info: org.openqa.selenium.chrome.ChromeDriver
Capabilities {acceptInsecureCerts: false, browserName: chrome, browserVersion: 102.0.5005.115, chrome: {chromedriverVersion: 102.0.5005.61 (0e59bcc00cc4..., userDataDir: C:\Users\User\AppData\Local...}, goog:chromeOptions: {debuggerAddress: localhost:58925}, javascriptEnabled: true, networkConnectionEnabled: false, pageLoadStrategy: normal, platform: WINDOWS, platformName: WINDOWS, proxy: Proxy(), setWindowRect: true, strictFileInteractability: false, timeouts: {implicit: 0, pageLoad: 300000, script: 30000}, unhandledPromptBehavior: dismiss and notify, webauthn:extension:credBlob: true, webauthn:extension:largeBlob: true, webauthn:virtualAuthenticators: true}
Session ID: 595f8d976c3837b3f729a9dab122a2c7
*** Element info: {Using=xpath, value=//*[@placeholder='Current Addres']}
19:59:38.353 INFO  MyListener - org.openqa.selenium.NoSuchElementException: no such element: Unable to locate element: {"method":"xpath","selector":"//*[@placeholder='Current Addres']"}
  (Session info: chrome=102.0.5005.115)
For documentation on this error, please visit: https://www.seleniumhq.org/exceptions/no_such_element.html
Build info: version: '3.141.59', revision: 'e82be7d358', time: '2018-11-14T08:17:03'
System info: host: 'PKMONSTER', ip: '26.121.132.97', os.name: 'Windows 10', os.arch: 'amd64', os.version: '10.0', java.version: '1.8.0_282'
Driver info: org.openqa.selenium.chrome.ChromeDriver
Capabilities {acceptInsecureCerts: false, browserName: chrome, browserVersion: 102.0.5005.115, chrome: {chromedriverVersion: 102.0.5005.61 (0e59bcc00cc4..., userDataDir: C:\Users\User\AppData\Local...}, goog:chromeOptions: {debuggerAddress: localhost:58925}, javascriptEnabled: true, networkConnectionEnabled: false, pageLoadStrategy: normal, platform: WINDOWS, platformName: WINDOWS, proxy: Proxy(), setWindowRect: true, strictFileInteractability: false, timeouts: {implicit: 0, pageLoad: 300000, script: 30000}, unhandledPromptBehavior: dismiss and notify, webauthn:extension:credBlob: true, webauthn:extension:largeBlob: true, webauthn:virtualAuthenticators: true}
Session ID: 595f8d976c3837b3f729a9dab122a2c7
*** Element info: {Using=xpath, value=//*[@placeholder='Current Addres']}
19:59:38.353 INFO  MyListener - This is link to 'your screen with error'--->src/test/screenshots/screen3578.png
19:59:38.604 INFO  MyListener - Start find element--->By.xpath: //a[@href='https://demoqa.com']
19:59:38.624 INFO  MyListener - The element--->By.xpath: //a[@href='https://demoqa.com'] was found
19:59:39.011 INFO  TestBase - End of the test fillInTheFormTest
