19:55:20.251 INFO  i.g.bonigarcia.wdm.WebDriverManager - Using chromedriver 102.0.5005.61 (resolved driver for Chrome 102)
19:55:20.262 INFO  i.g.bonigarcia.wdm.WebDriverManager - Exporting webdriver.chrome.driver as C:\Users\User\.cache\selenium\chromedriver\win32\102.0.5005.61\chromedriver.exe
19:55:24.883 INFO  TestBase - Test starts fillInTheFormTest
19:55:24.884 INFO  TestBase - This test with data: John maga@gmail.com
19:55:24.884 INFO  MyListener - Start find element--->By.xpath: //div//h5[text()='Elements']
19:55:24.894 INFO  MyListener - The element--->By.xpath: //div//h5[text()='Elements'] was found
19:55:26.446 INFO  MyListener - Start find element--->By.xpath: //span[text()='Text Box']
19:55:26.469 INFO  MyListener - The element--->By.xpath: //span[text()='Text Box'] was found
19:55:26.504 INFO  MyListener - Start find element--->By.xpath: //*[@placeholder='Full Name']
19:55:26.512 INFO  MyListener - The element--->By.xpath: //*[@placeholder='Full Name'] was found
19:55:26.573 INFO  MyListener - Start find element--->By.xpath: //*[@placeholder='name@example.com']
19:55:26.581 INFO  MyListener - The element--->By.xpath: //*[@placeholder='name@example.com'] was found
19:55:26.640 INFO  MyListener - Start find element--->By.xpath: //*[@placeholder='Current Addres']
19:55:36.694 INFO  MyListener - We faced the problem no such element: Unable to locate element: {"method":"xpath","selector":"//*[@placeholder='Current Addres']"}
  (Session info: chrome=102.0.5005.115)
For documentation on this error, please visit: https://www.seleniumhq.org/exceptions/no_such_element.html
Build info: version: '3.141.59', revision: 'e82be7d358', time: '2018-11-14T08:17:03'
System info: host: 'PKMONSTER', ip: '26.121.132.97', os.name: 'Windows 10', os.arch: 'amd64', os.version: '10.0', java.version: '1.8.0_282'
Driver info: org.openqa.selenium.chrome.ChromeDriver
Capabilities {acceptInsecureCerts: false, browserName: chrome, browserVersion: 102.0.5005.115, chrome: {chromedriverVersion: 102.0.5005.61 (0e59bcc00cc4..., userDataDir: C:\Users\User\AppData\Local...}, goog:chromeOptions: {debuggerAddress: localhost:58858}, javascriptEnabled: true, networkConnectionEnabled: false, pageLoadStrategy: normal, platform: WINDOWS, platformName: WINDOWS, proxy: Proxy(), setWindowRect: true, strictFileInteractability: false, timeouts: {implicit: 0, pageLoad: 300000, script: 30000}, unhandledPromptBehavior: dismiss and notify, webauthn:extension:credBlob: true, webauthn:extension:largeBlob: true, webauthn:virtualAuthenticators: true}
Session ID: c37d94dda62f9637464864d1bb661ce4
*** Element info: {Using=xpath, value=//*[@placeholder='Current Addres']}
19:55:36.694 INFO  MyListener - org.openqa.selenium.NoSuchElementException: no such element: Unable to locate element: {"method":"xpath","selector":"//*[@placeholder='Current Addres']"}
  (Session info: chrome=102.0.5005.115)
For documentation on this error, please visit: https://www.seleniumhq.org/exceptions/no_such_element.html
Build info: version: '3.141.59', revision: 'e82be7d358', time: '2018-11-14T08:17:03'
System info: host: 'PKMONSTER', ip: '26.121.132.97', os.name: 'Windows 10', os.arch: 'amd64', os.version: '10.0', java.version: '1.8.0_282'
Driver info: org.openqa.selenium.chrome.ChromeDriver
Capabilities {acceptInsecureCerts: false, browserName: chrome, browserVersion: 102.0.5005.115, chrome: {chromedriverVersion: 102.0.5005.61 (0e59bcc00cc4..., userDataDir: C:\Users\User\AppData\Local...}, goog:chromeOptions: {debuggerAddress: localhost:58858}, javascriptEnabled: true, networkConnectionEnabled: false, pageLoadStrategy: normal, platform: WINDOWS, platformName: WINDOWS, proxy: Proxy(), setWindowRect: true, strictFileInteractability: false, timeouts: {implicit: 0, pageLoad: 300000, script: 30000}, unhandledPromptBehavior: dismiss and notify, webauthn:extension:credBlob: true, webauthn:extension:largeBlob: true, webauthn:virtualAuthenticators: true}
Session ID: c37d94dda62f9637464864d1bb661ce4
*** Element info: {Using=xpath, value=//*[@placeholder='Current Addres']}
19:55:36.694 INFO  MyListener - This is link to your screen with error--->src/test/screenshots/screen3336.png
19:55:36.911 INFO  MyListener - Start find element--->By.xpath: //a[@href='https://demoqa.com']
19:55:36.921 INFO  MyListener - The element--->By.xpath: //a[@href='https://demoqa.com'] was found
19:55:37.489 INFO  TestBase - End of the test fillInTheFormTest
