19:31:37.145 INFO  i.g.bonigarcia.wdm.WebDriverManager - Using chromedriver 102.0.5005.61 (resolved driver for Chrome 102)
19:31:37.160 INFO  i.g.bonigarcia.wdm.WebDriverManager - Exporting webdriver.chrome.driver as C:\Users\User\.cache\selenium\chromedriver\win32\102.0.5005.61\chromedriver.exe
19:31:41.682 INFO  TestBase - Test starts fillInTheFormTest
19:31:41.683 INFO  TestBase - This test with data: Buba Buba@gmail.com
19:31:41.683 INFO  MyListener - Start find element--->By.xpath: //div//h5[text()='Elements']
19:31:41.692 INFO  MyListener - The element--->By.xpath: //div//h5[text()='Elements'] was found
19:31:43.237 INFO  MyListener - Start find element--->By.xpath: //span[text()='Text Box']
19:31:43.248 INFO  MyListener - The element--->By.xpath: //span[text()='Text Box'] was found
19:31:43.275 INFO  MyListener - Start find element--->By.xpath: //*[@placeholder='Full Name']
19:31:43.283 INFO  MyListener - The element--->By.xpath: //*[@placeholder='Full Name'] was found
19:31:43.346 INFO  MyListener - Start find element--->By.xpath: //*[@placeholder='name@example.com']
19:31:43.354 INFO  MyListener - The element--->By.xpath: //*[@placeholder='name@example.com'] was found
19:31:43.414 INFO  MyListener - Start find element--->By.xpath: //*[@placeholder='Current Address']
19:31:43.422 INFO  MyListener - The element--->By.xpath: //*[@placeholder='Current Address'] was found
19:31:43.468 INFO  MyListener - Start find element--->By.xpath: //*[@id='permanentAddress']
19:31:43.476 INFO  MyListener - The element--->By.xpath: //*[@id='permanentAddress'] was found
19:31:43.523 INFO  MyListener - Start find element--->By.xpath: //*[@id='submit']
19:31:43.530 INFO  MyListener - The element--->By.xpath: //*[@id='submit'] was found
19:31:43.550 INFO  MyListener - Start find element--->By.xpath: //div[@id='output']//p[@id='name']
19:31:43.558 INFO  MyListener - The element--->By.xpath: //div[@id='output']//p[@id='name'] was found
19:31:43.566 INFO  MyListener - Start find element--->By.xpath: //div[@id='output']//p[@id='email']
19:31:43.574 INFO  MyListener - The element--->By.xpath: //div[@id='output']//p[@id='email'] was found
19:31:43.581 INFO  MyListener - Start find element--->By.xpath: //div[@id='output']//p[@id='currentAddress']
19:31:43.589 INFO  MyListener - The element--->By.xpath: //div[@id='output']//p[@id='currentAddress'] was found
19:31:43.596 INFO  MyListener - Start find element--->By.xpath: //div[@id='output']//p[@id='permanentAddress']
19:31:43.603 INFO  MyListener - The element--->By.xpath: //div[@id='output']//p[@id='permanentAddress'] was found
19:31:43.610 INFO  MyListener - Start find element--->By.xpath: //div[@id='output']//p[@id='name']
19:31:43.616 INFO  MyListener - The element--->By.xpath: //div[@id='output']//p[@id='name'] was found
19:31:43.622 INFO  MyListener - Start find element--->By.xpath: //a[@href='https://demoqa.com']
19:31:43.630 INFO  MyListener - The element--->By.xpath: //a[@href='https://demoqa.com'] was found
19:31:43.978 INFO  TestBase - End of the test fillInTheFormTest
19:31:43.979 INFO  TestBase - Test starts fillInTheFormTest
19:31:43.979 INFO  TestBase - This test with data: Duba Duba@gmail.com
19:31:43.979 INFO  MyListener - Start find element--->By.xpath: //div//h5[text()='Elements']
19:31:43.985 INFO  MyListener - The element--->By.xpath: //div//h5[text()='Elements'] was found
19:31:45.512 INFO  MyListener - Start find element--->By.xpath: //span[text()='Text Box']
19:31:45.520 INFO  MyListener - The element--->By.xpath: //span[text()='Text Box'] was found
19:31:45.544 INFO  MyListener - Start find element--->By.xpath: //*[@placeholder='Full Name']
19:31:45.549 INFO  MyListener - The element--->By.xpath: //*[@placeholder='Full Name'] was found
19:31:45.611 INFO  MyListener - Start find element--->By.xpath: //*[@placeholder='name@example.com']
19:31:45.616 INFO  MyListener - The element--->By.xpath: //*[@placeholder='name@example.com'] was found
19:31:45.676 INFO  MyListener - Start find element--->By.xpath: //*[@placeholder='Current Address']
19:31:45.681 INFO  MyListener - The element--->By.xpath: //*[@placeholder='Current Address'] was found
19:31:45.727 INFO  MyListener - Start find element--->By.xpath: //*[@id='permanentAddress']
19:31:45.731 INFO  MyListener - The element--->By.xpath: //*[@id='permanentAddress'] was found
19:31:45.776 INFO  MyListener - Start find element--->By.xpath: //*[@id='submit']
19:31:45.781 INFO  MyListener - The element--->By.xpath: //*[@id='submit'] was found
19:31:45.800 INFO  MyListener - Start find element--->By.xpath: //div[@id='output']//p[@id='name']
19:31:45.806 INFO  MyListener - The element--->By.xpath: //div[@id='output']//p[@id='name'] was found
19:31:45.814 INFO  MyListener - Start find element--->By.xpath: //div[@id='output']//p[@id='email']
19:31:45.819 INFO  MyListener - The element--->By.xpath: //div[@id='output']//p[@id='email'] was found
19:31:45.827 INFO  MyListener - Start find element--->By.xpath: //div[@id='output']//p[@id='currentAddress']
19:31:45.831 INFO  MyListener - The element--->By.xpath: //div[@id='output']//p[@id='currentAddress'] was found
19:31:45.838 INFO  MyListener - Start find element--->By.xpath: //div[@id='output']//p[@id='permanentAddress']
19:31:45.844 INFO  MyListener - The element--->By.xpath: //div[@id='output']//p[@id='permanentAddress'] was found
19:31:45.851 INFO  MyListener - Start find element--->By.xpath: //div[@id='output']//p[@id='name']
19:31:45.856 INFO  MyListener - The element--->By.xpath: //div[@id='output']//p[@id='name'] was found
19:31:45.861 INFO  MyListener - Start find element--->By.xpath: //a[@href='https://demoqa.com']
19:31:45.866 INFO  MyListener - The element--->By.xpath: //a[@href='https://demoqa.com'] was found
19:31:47.716 INFO  TestBase - End of the test fillInTheFormTest
19:31:47.717 INFO  TestBase - Test starts fillInTheFormTest
19:31:47.717 INFO  TestBase - This test with data: Cuba Cuba@gmail.com
19:31:47.717 INFO  MyListener - Start find element--->By.xpath: //div//h5[text()='Elements']
19:31:47.723 INFO  MyListener - The element--->By.xpath: //div//h5[text()='Elements'] was found
19:31:49.253 INFO  MyListener - Start find element--->By.xpath: //span[text()='Text Box']
19:31:49.260 INFO  MyListener - The element--->By.xpath: //span[text()='Text Box'] was found
19:31:49.286 INFO  MyListener - Start find element--->By.xpath: //*[@placeholder='Full Name']
19:31:49.297 INFO  MyListener - The element--->By.xpath: //*[@placeholder='Full Name'] was found
19:31:49.345 INFO  MyListener - Start find element--->By.xpath: //*[@placeholder='name@example.com']
19:31:49.351 INFO  MyListener - The element--->By.xpath: //*[@placeholder='name@example.com'] was found
19:31:49.409 INFO  MyListener - Start find element--->By.xpath: //*[@placeholder='Current Address']
19:31:49.415 INFO  MyListener - The element--->By.xpath: //*[@placeholder='Current Address'] was found
19:31:49.461 INFO  MyListener - Start find element--->By.xpath: //*[@id='permanentAddress']
19:31:49.466 INFO  MyListener - The element--->By.xpath: //*[@id='permanentAddress'] was found
19:31:49.511 INFO  MyListener - Start find element--->By.xpath: //*[@id='submit']
19:31:49.516 INFO  MyListener - The element--->By.xpath: //*[@id='submit'] was found
19:31:49.535 INFO  MyListener - Start find element--->By.xpath: //div[@id='output']//p[@id='name']
19:31:49.540 INFO  MyListener - The element--->By.xpath: //div[@id='output']//p[@id='name'] was found
19:31:49.548 INFO  MyListener - Start find element--->By.xpath: //div[@id='output']//p[@id='email']
19:31:49.553 INFO  MyListener - The element--->By.xpath: //div[@id='output']//p[@id='email'] was found
19:31:49.560 INFO  MyListener - Start find element--->By.xpath: //div[@id='output']//p[@id='currentAddress']
19:31:49.564 INFO  MyListener - The element--->By.xpath: //div[@id='output']//p[@id='currentAddress'] was found
19:31:49.570 INFO  MyListener - Start find element--->By.xpath: //div[@id='output']//p[@id='permanentAddress']
19:31:49.575 INFO  MyListener - The element--->By.xpath: //div[@id='output']//p[@id='permanentAddress'] was found
19:31:49.582 INFO  MyListener - Start find element--->By.xpath: //div[@id='output']//p[@id='name']
19:31:49.587 INFO  MyListener - The element--->By.xpath: //div[@id='output']//p[@id='name'] was found
19:31:49.591 INFO  MyListener - Start find element--->By.xpath: //a[@href='https://demoqa.com']
19:31:49.596 INFO  MyListener - The element--->By.xpath: //a[@href='https://demoqa.com'] was found
19:31:50.064 INFO  TestBase - End of the test fillInTheFormTest
