19:59:47.228 INFO  i.g.bonigarcia.wdm.WebDriverManager - Using chromedriver 102.0.5005.61 (resolved driver for Chrome 102)
19:59:47.243 INFO  i.g.bonigarcia.wdm.WebDriverManager - Exporting webdriver.chrome.driver as C:\Users\User\.cache\selenium\chromedriver\win32\102.0.5005.61\chromedriver.exe
19:59:50.741 INFO  TestBase - Test starts checkAlert
19:59:50.742 INFO  MyListener - Start find element--->By.xpath: //h5[text()='Alerts, Frame & Windows']
19:59:50.751 INFO  MyListener - The element--->By.xpath: //h5[text()='Alerts, Frame & Windows'] was found
19:59:50.794 INFO  MyListener - Start find element--->By.xpath: //span[text()='Alerts']
19:59:50.801 INFO  MyListener - The element--->By.xpath: //span[text()='Alerts'] was found
19:59:50.826 INFO  MyListener - Start find element--->By.xpath: //button[@id='alertButton']
19:59:50.833 INFO  MyListener - The element--->By.xpath: //button[@id='alertButton'] was found
19:59:50.875 INFO  TestBase - End of the test checkAlert
19:59:50.881 INFO  TestBase - Test starts fillInTheFormTest
19:59:50.881 INFO  TestBase - This test with data: Buba Buba@gmail.com
19:59:50.882 INFO  MyListener - Start find element--->By.xpath: //div//h5[text()='Elements']
20:00:00.886 INFO  MyListener - 'We faced the problem' no such element: Unable to locate element: {"method":"xpath","selector":"//div//h5[text()='Elements']"}
  (Session info: chrome=102.0.5005.115)
For documentation on this error, please visit: https://www.seleniumhq.org/exceptions/no_such_element.html
Build info: version: '3.141.59', revision: 'e82be7d358', time: '2018-11-14T08:17:03'
System info: host: 'PKMONSTER', ip: '26.121.132.97', os.name: 'Windows 10', os.arch: 'amd64', os.version: '10.0', java.version: '1.8.0_282'
Driver info: org.openqa.selenium.chrome.ChromeDriver
Capabilities {acceptInsecureCerts: false, browserName: chrome, browserVersion: 102.0.5005.115, chrome: {chromedriverVersion: 102.0.5005.61 (0e59bcc00cc4..., userDataDir: C:\Users\User\AppData\Local...}, goog:chromeOptions: {debuggerAddress: localhost:49398}, javascriptEnabled: true, networkConnectionEnabled: false, pageLoadStrategy: normal, platform: WINDOWS, platformName: WINDOWS, proxy: Proxy(), setWindowRect: true, strictFileInteractability: false, timeouts: {implicit: 0, pageLoad: 300000, script: 30000}, unhandledPromptBehavior: dismiss and notify, webauthn:extension:credBlob: true, webauthn:extension:largeBlob: true, webauthn:virtualAuthenticators: true}
Session ID: db6e792f18f3aa4edc86554445945b2c
*** Element info: {Using=xpath, value=//div//h5[text()='Elements']}
20:00:00.886 INFO  MyListener - org.openqa.selenium.NoSuchElementException: no such element: Unable to locate element: {"method":"xpath","selector":"//div//h5[text()='Elements']"}
  (Session info: chrome=102.0.5005.115)
For documentation on this error, please visit: https://www.seleniumhq.org/exceptions/no_such_element.html
Build info: version: '3.141.59', revision: 'e82be7d358', time: '2018-11-14T08:17:03'
System info: host: 'PKMONSTER', ip: '26.121.132.97', os.name: 'Windows 10', os.arch: 'amd64', os.version: '10.0', java.version: '1.8.0_282'
Driver info: org.openqa.selenium.chrome.ChromeDriver
Capabilities {acceptInsecureCerts: false, browserName: chrome, browserVersion: 102.0.5005.115, chrome: {chromedriverVersion: 102.0.5005.61 (0e59bcc00cc4..., userDataDir: C:\Users\User\AppData\Local...}, goog:chromeOptions: {debuggerAddress: localhost:49398}, javascriptEnabled: true, networkConnectionEnabled: false, pageLoadStrategy: normal, platform: WINDOWS, platformName: WINDOWS, proxy: Proxy(), setWindowRect: true, strictFileInteractability: false, timeouts: {implicit: 0, pageLoad: 300000, script: 30000}, unhandledPromptBehavior: dismiss and notify, webauthn:extension:credBlob: true, webauthn:extension:largeBlob: true, webauthn:virtualAuthenticators: true}
Session ID: db6e792f18f3aa4edc86554445945b2c
*** Element info: {Using=xpath, value=//div//h5[text()='Elements']}
20:00:00.886 INFO  MyListener - This is link to 'your screen with error'--->src/test/screenshots/screen0.png
20:00:01.149 INFO  MyListener - Start find element--->By.xpath: //a[@href='https://demoqa.com']
20:00:01.158 INFO  MyListener - The element--->By.xpath: //a[@href='https://demoqa.com'] was found
20:00:02.616 INFO  TestBase - End of the test fillInTheFormTest
20:00:02.616 INFO  TestBase - Test starts fillInTheFormTest
20:00:02.616 INFO  TestBase - This test with data: Duba Duba@gmail.com
20:00:02.616 INFO  MyListener - Start find element--->By.xpath: //div//h5[text()='Elements']
20:00:02.623 INFO  MyListener - The element--->By.xpath: //div//h5[text()='Elements'] was found
20:00:04.152 INFO  MyListener - Start find element--->By.xpath: //span[text()='Text Box']
20:00:04.162 INFO  MyListener - The element--->By.xpath: //span[text()='Text Box'] was found
20:00:04.192 INFO  MyListener - Start find element--->By.xpath: //*[@placeholder='Full Name']
20:00:04.204 INFO  MyListener - The element--->By.xpath: //*[@placeholder='Full Name'] was found
20:00:04.260 INFO  MyListener - Start find element--->By.xpath: //*[@placeholder='name@example.com']
20:00:04.268 INFO  MyListener - The element--->By.xpath: //*[@placeholder='name@example.com'] was found
20:00:04.328 INFO  MyListener - Start find element--->By.xpath: //*[@placeholder='Current Address']
20:00:04.336 INFO  MyListener - The element--->By.xpath: //*[@placeholder='Current Address'] was found
20:00:04.381 INFO  MyListener - Start find element--->By.xpath: //*[@id='permanentAddress']
20:00:04.387 INFO  MyListener - The element--->By.xpath: //*[@id='permanentAddress'] was found
20:00:04.431 INFO  MyListener - Start find element--->By.xpath: //*[@id='submit']
20:00:04.437 INFO  MyListener - The element--->By.xpath: //*[@id='submit'] was found
20:00:04.457 INFO  MyListener - Start find element--->By.xpath: //div[@id='output']//p[@id='name']
20:00:04.465 INFO  MyListener - The element--->By.xpath: //div[@id='output']//p[@id='name'] was found
20:00:04.473 INFO  MyListener - Start find element--->By.xpath: //div[@id='output']//p[@id='email']
20:00:04.479 INFO  MyListener - The element--->By.xpath: //div[@id='output']//p[@id='email'] was found
20:00:04.486 INFO  MyListener - Start find element--->By.xpath: //div[@id='output']//p[@id='currentAddress']
20:00:04.493 INFO  MyListener - The element--->By.xpath: //div[@id='output']//p[@id='currentAddress'] was found
20:00:04.500 INFO  MyListener - Start find element--->By.xpath: //div[@id='output']//p[@id='permanentAddress']
20:00:04.507 INFO  MyListener - The element--->By.xpath: //div[@id='output']//p[@id='permanentAddress'] was found
20:00:04.514 INFO  MyListener - Start find element--->By.xpath: //div[@id='output']//p[@id='name']
20:00:04.519 INFO  MyListener - The element--->By.xpath: //div[@id='output']//p[@id='name'] was found
20:00:04.524 INFO  MyListener - Start find element--->By.xpath: //a[@href='https://demoqa.com']
20:00:04.528 INFO  MyListener - The element--->By.xpath: //a[@href='https://demoqa.com'] was found
20:00:05.008 INFO  TestBase - End of the test fillInTheFormTest
20:00:05.008 INFO  TestBase - Test starts fillInTheFormTest
20:00:05.008 INFO  TestBase - This test with data: Cuba Cuba@gmail.com
20:00:05.008 INFO  MyListener - Start find element--->By.xpath: //div//h5[text()='Elements']
20:00:05.013 INFO  MyListener - The element--->By.xpath: //div//h5[text()='Elements'] was found
20:00:06.556 INFO  MyListener - Start find element--->By.xpath: //span[text()='Text Box']
20:00:06.572 INFO  MyListener - The element--->By.xpath: //span[text()='Text Box'] was found
20:00:06.624 INFO  MyListener - Start find element--->By.xpath: //*[@placeholder='Full Name']
20:00:06.630 INFO  MyListener - The element--->By.xpath: //*[@placeholder='Full Name'] was found
20:00:06.680 INFO  MyListener - Start find element--->By.xpath: //*[@placeholder='name@example.com']
20:00:06.686 INFO  MyListener - The element--->By.xpath: //*[@placeholder='name@example.com'] was found
20:00:06.746 INFO  MyListener - Start find element--->By.xpath: //*[@placeholder='Current Address']
20:00:06.752 INFO  MyListener - The element--->By.xpath: //*[@placeholder='Current Address'] was found
20:00:06.798 INFO  MyListener - Start find element--->By.xpath: //*[@id='permanentAddress']
20:00:06.803 INFO  MyListener - The element--->By.xpath: //*[@id='permanentAddress'] was found
20:00:06.847 INFO  MyListener - Start find element--->By.xpath: //*[@id='submit']
20:00:06.852 INFO  MyListener - The element--->By.xpath: //*[@id='submit'] was found
20:00:06.873 INFO  MyListener - Start find element--->By.xpath: //div[@id='output']//p[@id='name']
20:00:06.877 INFO  MyListener - The element--->By.xpath: //div[@id='output']//p[@id='name'] was found
20:00:06.884 INFO  MyListener - Start find element--->By.xpath: //div[@id='output']//p[@id='email']
20:00:06.890 INFO  MyListener - The element--->By.xpath: //div[@id='output']//p[@id='email'] was found
20:00:06.897 INFO  MyListener - Start find element--->By.xpath: //div[@id='output']//p[@id='currentAddress']
20:00:06.900 INFO  MyListener - The element--->By.xpath: //div[@id='output']//p[@id='currentAddress'] was found
20:00:06.908 INFO  MyListener - Start find element--->By.xpath: //div[@id='output']//p[@id='permanentAddress']
20:00:06.912 INFO  MyListener - The element--->By.xpath: //div[@id='output']//p[@id='permanentAddress'] was found
20:00:06.918 INFO  MyListener - Start find element--->By.xpath: //div[@id='output']//p[@id='name']
20:00:06.924 INFO  MyListener - The element--->By.xpath: //div[@id='output']//p[@id='name'] was found
20:00:06.928 INFO  MyListener - Start find element--->By.xpath: //a[@href='https://demoqa.com']
20:00:06.933 INFO  MyListener - The element--->By.xpath: //a[@href='https://demoqa.com'] was found
20:00:18.176 INFO  TestBase - End of the test fillInTheFormTest
20:00:18.177 INFO  TestBase - Test starts fillInTheFormTestSecond
20:00:18.177 INFO  TestBase - This test with data: John vag20@gmail.com Nnn12345 Smith
20:00:18.177 INFO  MyListener - Start find element--->By.xpath: //div//h5[text()='Elements']
20:00:18.182 INFO  MyListener - The element--->By.xpath: //div//h5[text()='Elements'] was found
20:00:19.710 INFO  MyListener - Start find element--->By.xpath: //span[text()='Text Box']
20:00:19.718 INFO  MyListener - The element--->By.xpath: //span[text()='Text Box'] was found
20:00:19.741 INFO  MyListener - Start find element--->By.xpath: //*[@placeholder='Full Name']
20:00:19.746 INFO  MyListener - The element--->By.xpath: //*[@placeholder='Full Name'] was found
20:00:19.800 INFO  MyListener - Start find element--->By.xpath: //*[@placeholder='name@example.com']
20:00:19.804 INFO  MyListener - The element--->By.xpath: //*[@placeholder='name@example.com'] was found
20:00:19.860 INFO  MyListener - Start find element--->By.xpath: //*[@placeholder='Current Address']
20:00:19.865 INFO  MyListener - The element--->By.xpath: //*[@placeholder='Current Address'] was found
20:00:19.911 INFO  MyListener - Start find element--->By.xpath: //*[@id='permanentAddress']
20:00:19.917 INFO  MyListener - The element--->By.xpath: //*[@id='permanentAddress'] was found
20:00:19.960 INFO  MyListener - Start find element--->By.xpath: //*[@id='submit']
20:00:19.966 INFO  MyListener - The element--->By.xpath: //*[@id='submit'] was found
20:00:19.984 INFO  MyListener - Start find element--->By.xpath: //div[@id='output']//p[@id='name']
20:00:19.988 INFO  MyListener - The element--->By.xpath: //div[@id='output']//p[@id='name'] was found
20:00:19.995 INFO  MyListener - Start find element--->By.xpath: //div[@id='output']//p[@id='email']
20:00:20.000 INFO  MyListener - The element--->By.xpath: //div[@id='output']//p[@id='email'] was found
20:00:20.007 INFO  MyListener - Start find element--->By.xpath: //div[@id='output']//p[@id='currentAddress']
20:00:20.014 INFO  MyListener - The element--->By.xpath: //div[@id='output']//p[@id='currentAddress'] was found
20:00:20.025 INFO  MyListener - Start find element--->By.xpath: //div[@id='output']//p[@id='permanentAddress']
20:00:20.034 INFO  MyListener - The element--->By.xpath: //div[@id='output']//p[@id='permanentAddress'] was found
20:00:20.042 INFO  MyListener - Start find element--->By.xpath: //div[@id='output']//p[@id='name']
20:00:20.046 INFO  MyListener - The element--->By.xpath: //div[@id='output']//p[@id='name'] was found
20:00:20.050 INFO  MyListener - Start find element--->By.xpath: //a[@href='https://demoqa.com']
20:00:20.054 INFO  MyListener - The element--->By.xpath: //a[@href='https://demoqa.com'] was found
20:00:20.548 INFO  TestBase - End of the test fillInTheFormTestSecond
20:00:20.549 INFO  TestBase - Test starts fillInTheFormTestSecond
20:00:20.549 INFO  TestBase - This test with data: Bruce vag21@gmail.com Nnn12345 Willis
20:00:20.549 INFO  MyListener - Start find element--->By.xpath: //div//h5[text()='Elements']
20:00:20.554 INFO  MyListener - The element--->By.xpath: //div//h5[text()='Elements'] was found
20:00:22.094 INFO  MyListener - Start find element--->By.xpath: //span[text()='Text Box']
20:00:22.110 INFO  MyListener - The element--->By.xpath: //span[text()='Text Box'] was found
20:00:22.151 INFO  MyListener - Start find element--->By.xpath: //*[@placeholder='Full Name']
20:00:22.162 INFO  MyListener - The element--->By.xpath: //*[@placeholder='Full Name'] was found
20:00:22.213 INFO  MyListener - Start find element--->By.xpath: //*[@placeholder='name@example.com']
20:00:22.218 INFO  MyListener - The element--->By.xpath: //*[@placeholder='name@example.com'] was found
20:00:22.277 INFO  MyListener - Start find element--->By.xpath: //*[@placeholder='Current Address']
20:00:22.281 INFO  MyListener - The element--->By.xpath: //*[@placeholder='Current Address'] was found
20:00:22.325 INFO  MyListener - Start find element--->By.xpath: //*[@id='permanentAddress']
20:00:22.330 INFO  MyListener - The element--->By.xpath: //*[@id='permanentAddress'] was found
20:00:22.375 INFO  MyListener - Start find element--->By.xpath: //*[@id='submit']
20:00:22.380 INFO  MyListener - The element--->By.xpath: //*[@id='submit'] was found
20:00:22.399 INFO  MyListener - Start find element--->By.xpath: //div[@id='output']//p[@id='name']
20:00:22.403 INFO  MyListener - The element--->By.xpath: //div[@id='output']//p[@id='name'] was found
20:00:22.411 INFO  MyListener - Start find element--->By.xpath: //div[@id='output']//p[@id='email']
20:00:22.415 INFO  MyListener - The element--->By.xpath: //div[@id='output']//p[@id='email'] was found
20:00:22.422 INFO  MyListener - Start find element--->By.xpath: //div[@id='output']//p[@id='currentAddress']
20:00:22.427 INFO  MyListener - The element--->By.xpath: //div[@id='output']//p[@id='currentAddress'] was found
20:00:22.434 INFO  MyListener - Start find element--->By.xpath: //div[@id='output']//p[@id='permanentAddress']
20:00:22.440 INFO  MyListener - The element--->By.xpath: //div[@id='output']//p[@id='permanentAddress'] was found
20:00:22.447 INFO  MyListener - Start find element--->By.xpath: //div[@id='output']//p[@id='name']
20:00:22.451 INFO  MyListener - The element--->By.xpath: //div[@id='output']//p[@id='name'] was found
20:00:22.455 INFO  MyListener - Start find element--->By.xpath: //a[@href='https://demoqa.com']
20:00:22.460 INFO  MyListener - The element--->By.xpath: //a[@href='https://demoqa.com'] was found
20:00:22.932 INFO  TestBase - End of the test fillInTheFormTestSecond
20:00:22.933 INFO  TestBase - Test starts fillInTheFormTestSecond
20:00:22.933 INFO  TestBase - This test with data: Sam vag22@gmail.com Nnn12345 Cold
20:00:22.933 INFO  MyListener - Start find element--->By.xpath: //div//h5[text()='Elements']
20:00:22.937 INFO  MyListener - The element--->By.xpath: //div//h5[text()='Elements'] was found
20:00:24.472 INFO  MyListener - Start find element--->By.xpath: //span[text()='Text Box']
20:00:24.480 INFO  MyListener - The element--->By.xpath: //span[text()='Text Box'] was found
20:00:24.504 INFO  MyListener - Start find element--->By.xpath: //*[@placeholder='Full Name']
20:00:24.508 INFO  MyListener - The element--->By.xpath: //*[@placeholder='Full Name'] was found
20:00:24.570 INFO  MyListener - Start find element--->By.xpath: //*[@placeholder='name@example.com']
20:00:24.575 INFO  MyListener - The element--->By.xpath: //*[@placeholder='name@example.com'] was found
20:00:24.632 INFO  MyListener - Start find element--->By.xpath: //*[@placeholder='Current Address']
20:00:24.636 INFO  MyListener - The element--->By.xpath: //*[@placeholder='Current Address'] was found
20:00:24.682 INFO  MyListener - Start find element--->By.xpath: //*[@id='permanentAddress']
20:00:24.686 INFO  MyListener - The element--->By.xpath: //*[@id='permanentAddress'] was found
20:00:24.727 INFO  MyListener - Start find element--->By.xpath: //*[@id='submit']
20:00:24.732 INFO  MyListener - The element--->By.xpath: //*[@id='submit'] was found
20:00:24.750 INFO  MyListener - Start find element--->By.xpath: //div[@id='output']//p[@id='name']
20:00:24.754 INFO  MyListener - The element--->By.xpath: //div[@id='output']//p[@id='name'] was found
20:00:24.762 INFO  MyListener - Start find element--->By.xpath: //div[@id='output']//p[@id='email']
20:00:24.766 INFO  MyListener - The element--->By.xpath: //div[@id='output']//p[@id='email'] was found
20:00:24.773 INFO  MyListener - Start find element--->By.xpath: //div[@id='output']//p[@id='currentAddress']
20:00:24.777 INFO  MyListener - The element--->By.xpath: //div[@id='output']//p[@id='currentAddress'] was found
20:00:24.783 INFO  MyListener - Start find element--->By.xpath: //div[@id='output']//p[@id='permanentAddress']
20:00:24.789 INFO  MyListener - The element--->By.xpath: //div[@id='output']//p[@id='permanentAddress'] was found
20:00:24.796 INFO  MyListener - Start find element--->By.xpath: //div[@id='output']//p[@id='name']
20:00:24.799 INFO  MyListener - The element--->By.xpath: //div[@id='output']//p[@id='name'] was found
20:00:24.803 INFO  MyListener - Start find element--->By.xpath: //a[@href='https://demoqa.com']
20:00:24.809 INFO  MyListener - The element--->By.xpath: //a[@href='https://demoqa.com'] was found
20:00:25.111 INFO  TestBase - End of the test fillInTheFormTestSecond
20:00:25.112 INFO  TestBase - Test starts fillInTheFormTestFourth
20:00:25.112 INFO  TestBase - This test with data: Brons Vince@gmail.com
20:00:25.112 INFO  MyListener - Start find element--->By.xpath: //div//h5[text()='Elements']
20:00:25.117 INFO  MyListener - The element--->By.xpath: //div//h5[text()='Elements'] was found
20:00:26.643 INFO  MyListener - Start find element--->By.xpath: //span[text()='Text Box']
20:00:26.651 INFO  MyListener - The element--->By.xpath: //span[text()='Text Box'] was found
20:00:26.674 INFO  MyListener - Start find element--->By.xpath: //*[@placeholder='Full Name']
20:00:26.678 INFO  MyListener - The element--->By.xpath: //*[@placeholder='Full Name'] was found
20:00:26.742 INFO  MyListener - Start find element--->By.xpath: //*[@placeholder='name@example.com']
20:00:26.746 INFO  MyListener - The element--->By.xpath: //*[@placeholder='name@example.com'] was found
20:00:26.801 INFO  MyListener - Start find element--->By.xpath: //*[@placeholder='Current Address']
20:00:26.807 INFO  MyListener - The element--->By.xpath: //*[@placeholder='Current Address'] was found
20:00:26.850 INFO  MyListener - Start find element--->By.xpath: //*[@id='permanentAddress']
20:00:26.856 INFO  MyListener - The element--->By.xpath: //*[@id='permanentAddress'] was found
20:00:26.901 INFO  MyListener - Start find element--->By.xpath: //*[@id='submit']
20:00:26.906 INFO  MyListener - The element--->By.xpath: //*[@id='submit'] was found
20:00:26.926 INFO  MyListener - Start find element--->By.xpath: //div[@id='output']//p[@id='name']
20:00:26.930 INFO  MyListener - The element--->By.xpath: //div[@id='output']//p[@id='name'] was found
20:00:26.937 INFO  MyListener - Start find element--->By.xpath: //div[@id='output']//p[@id='email']
20:00:26.941 INFO  MyListener - The element--->By.xpath: //div[@id='output']//p[@id='email'] was found
20:00:26.948 INFO  MyListener - Start find element--->By.xpath: //div[@id='output']//p[@id='currentAddress']
20:00:26.953 INFO  MyListener - The element--->By.xpath: //div[@id='output']//p[@id='currentAddress'] was found
20:00:26.960 INFO  MyListener - Start find element--->By.xpath: //div[@id='output']//p[@id='permanentAddress']
20:00:26.964 INFO  MyListener - The element--->By.xpath: //div[@id='output']//p[@id='permanentAddress'] was found
20:00:26.970 INFO  MyListener - Start find element--->By.xpath: //div[@id='output']//p[@id='name']
20:00:26.975 INFO  MyListener - The element--->By.xpath: //div[@id='output']//p[@id='name'] was found
20:00:26.979 INFO  MyListener - Start find element--->By.xpath: //a[@href='https://demoqa.com']
20:00:26.983 INFO  MyListener - The element--->By.xpath: //a[@href='https://demoqa.com'] was found
20:00:27.454 INFO  TestBase - End of the test fillInTheFormTestFourth
20:00:27.455 INFO  TestBase - Test starts fillInTheFormTestThird
20:00:27.455 INFO  TestBase - This test with data: Bruce maga@gmail.com
20:00:27.455 INFO  MyListener - Start find element--->By.xpath: //div//h5[text()='Elements']
20:00:27.459 INFO  MyListener - The element--->By.xpath: //div//h5[text()='Elements'] was found
20:00:28.987 INFO  MyListener - Start find element--->By.xpath: //span[text()='Text Box']
20:00:29.002 INFO  MyListener - The element--->By.xpath: //span[text()='Text Box'] was found
20:00:29.040 INFO  MyListener - Start find element--->By.xpath: //*[@placeholder='Full Name']
20:00:29.046 INFO  MyListener - The element--->By.xpath: //*[@placeholder='Full Name'] was found
20:00:29.110 INFO  MyListener - Start find element--->By.xpath: //*[@placeholder='name@example.com']
20:00:29.115 INFO  MyListener - The element--->By.xpath: //*[@placeholder='name@example.com'] was found
20:00:29.173 INFO  MyListener - Start find element--->By.xpath: //*[@placeholder='Current Address']
20:00:29.178 INFO  MyListener - The element--->By.xpath: //*[@placeholder='Current Address'] was found
20:00:29.223 INFO  MyListener - Start find element--->By.xpath: //*[@id='permanentAddress']
20:00:29.228 INFO  MyListener - The element--->By.xpath: //*[@id='permanentAddress'] was found
20:00:29.273 INFO  MyListener - Start find element--->By.xpath: //*[@id='submit']
20:00:29.278 INFO  MyListener - The element--->By.xpath: //*[@id='submit'] was found
20:00:29.296 INFO  MyListener - Start find element--->By.xpath: //div[@id='output']//p[@id='name']
20:00:29.300 INFO  MyListener - The element--->By.xpath: //div[@id='output']//p[@id='name'] was found
20:00:29.307 INFO  MyListener - Start find element--->By.xpath: //div[@id='output']//p[@id='email']
20:00:29.312 INFO  MyListener - The element--->By.xpath: //div[@id='output']//p[@id='email'] was found
20:00:29.318 INFO  MyListener - Start find element--->By.xpath: //div[@id='output']//p[@id='currentAddress']
20:00:29.323 INFO  MyListener - The element--->By.xpath: //div[@id='output']//p[@id='currentAddress'] was found
20:00:29.330 INFO  MyListener - Start find element--->By.xpath: //div[@id='output']//p[@id='permanentAddress']
20:00:29.334 INFO  MyListener - The element--->By.xpath: //div[@id='output']//p[@id='permanentAddress'] was found
20:00:29.342 INFO  MyListener - Start find element--->By.xpath: //div[@id='output']//p[@id='name']
20:00:29.347 INFO  MyListener - The element--->By.xpath: //div[@id='output']//p[@id='name'] was found
20:00:29.351 INFO  MyListener - Start find element--->By.xpath: //a[@href='https://demoqa.com']
20:00:29.356 INFO  MyListener - The element--->By.xpath: //a[@href='https://demoqa.com'] was found
20:00:29.706 INFO  TestBase - End of the test fillInTheFormTestThird
