19:30:57.863 INFO  i.g.bonigarcia.wdm.WebDriverManager - Using chromedriver 102.0.5005.61 (resolved driver for Chrome 102)
19:30:57.876 INFO  i.g.bonigarcia.wdm.WebDriverManager - Exporting webdriver.chrome.driver as C:\Users\User\.cache\selenium\chromedriver\win32\102.0.5005.61\chromedriver.exe
19:31:01.591 INFO  TestBase - Test starts fillInTheFormTest
19:31:01.592 INFO  TestBase - This test with data: Buba Buba@gmail.com
19:31:01.592 INFO  MyListener - Start find element--->By.xpath: //div//h5[text()='Elements']
19:31:01.604 INFO  MyListener - The element--->By.xpath: //div//h5[text()='Elements'] was found
19:31:03.158 INFO  MyListener - Start find element--->By.xpath: //span[text()='Text Box']
19:31:03.169 INFO  MyListener - The element--->By.xpath: //span[text()='Text Box'] was found
19:31:03.196 INFO  MyListener - Start find element--->By.xpath: //*[@placeholder='Full Name']
19:31:03.205 INFO  MyListener - The element--->By.xpath: //*[@placeholder='Full Name'] was found
19:31:03.266 INFO  MyListener - Start find element--->By.xpath: //*[@placeholder='name@example.com']
19:31:03.273 INFO  MyListener - The element--->By.xpath: //*[@placeholder='name@example.com'] was found
19:31:03.334 INFO  MyListener - Start find element--->By.xpath: //*[@placeholder='Current Addres']
19:31:13.351 INFO  MyListener - 'We faced the problem' no such element: Unable to locate element: {"method":"xpath","selector":"//*[@placeholder='Current Addres']"}
  (Session info: chrome=102.0.5005.115)
For documentation on this error, please visit: https://www.seleniumhq.org/exceptions/no_such_element.html
Build info: version: '3.141.59', revision: 'e82be7d358', time: '2018-11-14T08:17:03'
System info: host: 'PKMONSTER', ip: '26.121.132.97', os.name: 'Windows 10', os.arch: 'amd64', os.version: '10.0', java.version: '1.8.0_282'
Driver info: org.openqa.selenium.chrome.ChromeDriver
Capabilities {acceptInsecureCerts: false, browserName: chrome, browserVersion: 102.0.5005.115, chrome: {chromedriverVersion: 102.0.5005.61 (0e59bcc00cc4..., userDataDir: C:\Users\User\AppData\Local...}, goog:chromeOptions: {debuggerAddress: localhost:65465}, javascriptEnabled: true, networkConnectionEnabled: false, pageLoadStrategy: normal, platform: WINDOWS, platformName: WINDOWS, proxy: Proxy(), setWindowRect: true, strictFileInteractability: false, timeouts: {implicit: 0, pageLoad: 300000, script: 30000}, unhandledPromptBehavior: dismiss and notify, webauthn:extension:credBlob: true, webauthn:extension:largeBlob: true, webauthn:virtualAuthenticators: true}
Session ID: 963bc0ad49dd69d41800c5e81b0151c7
*** Element info: {Using=xpath, value=//*[@placeholder='Current Addres']}
19:31:13.351 INFO  MyListener - org.openqa.selenium.NoSuchElementException: no such element: Unable to locate element: {"method":"xpath","selector":"//*[@placeholder='Current Addres']"}
  (Session info: chrome=102.0.5005.115)
For documentation on this error, please visit: https://www.seleniumhq.org/exceptions/no_such_element.html
Build info: version: '3.141.59', revision: 'e82be7d358', time: '2018-11-14T08:17:03'
System info: host: 'PKMONSTER', ip: '26.121.132.97', os.name: 'Windows 10', os.arch: 'amd64', os.version: '10.0', java.version: '1.8.0_282'
Driver info: org.openqa.selenium.chrome.ChromeDriver
Capabilities {acceptInsecureCerts: false, browserName: chrome, browserVersion: 102.0.5005.115, chrome: {chromedriverVersion: 102.0.5005.61 (0e59bcc00cc4..., userDataDir: C:\Users\User\AppData\Local...}, goog:chromeOptions: {debuggerAddress: localhost:65465}, javascriptEnabled: true, networkConnectionEnabled: false, pageLoadStrategy: normal, platform: WINDOWS, platformName: WINDOWS, proxy: Proxy(), setWindowRect: true, strictFileInteractability: false, timeouts: {implicit: 0, pageLoad: 300000, script: 30000}, unhandledPromptBehavior: dismiss and notify, webauthn:extension:credBlob: true, webauthn:extension:largeBlob: true, webauthn:virtualAuthenticators: true}
Session ID: 963bc0ad49dd69d41800c5e81b0151c7
*** Element info: {Using=xpath, value=//*[@placeholder='Current Addres']}
19:31:13.351 INFO  MyListener - This is link to 'your screen with error'--->src/test/screenshots/screen1873.png
19:31:13.603 INFO  MyListener - Start find element--->By.xpath: //a[@href='https://demoqa.com']
19:31:13.619 INFO  MyListener - The element--->By.xpath: //a[@href='https://demoqa.com'] was found
19:31:14.186 INFO  TestBase - End of the test fillInTheFormTest
19:31:14.187 INFO  TestBase - Test starts fillInTheFormTest
19:31:14.187 INFO  TestBase - This test with data: Duba Duba@gmail.com
19:31:14.187 INFO  MyListener - Start find element--->By.xpath: //div//h5[text()='Elements']
19:31:14.196 INFO  MyListener - The element--->By.xpath: //div//h5[text()='Elements'] was found
19:31:15.732 INFO  MyListener - Start find element--->By.xpath: //span[text()='Text Box']
19:31:15.747 INFO  MyListener - The element--->By.xpath: //span[text()='Text Box'] was found
19:31:15.793 INFO  MyListener - Start find element--->By.xpath: //*[@placeholder='Full Name']
19:31:15.804 INFO  MyListener - The element--->By.xpath: //*[@placeholder='Full Name'] was found
19:31:15.861 INFO  MyListener - Start find element--->By.xpath: //*[@placeholder='name@example.com']
19:31:15.869 INFO  MyListener - The element--->By.xpath: //*[@placeholder='name@example.com'] was found
19:31:15.935 INFO  MyListener - Start find element--->By.xpath: //*[@placeholder='Current Addres']
19:31:25.962 INFO  MyListener - 'We faced the problem' no such element: Unable to locate element: {"method":"xpath","selector":"//*[@placeholder='Current Addres']"}
  (Session info: chrome=102.0.5005.115)
For documentation on this error, please visit: https://www.seleniumhq.org/exceptions/no_such_element.html
Build info: version: '3.141.59', revision: 'e82be7d358', time: '2018-11-14T08:17:03'
System info: host: 'PKMONSTER', ip: '26.121.132.97', os.name: 'Windows 10', os.arch: 'amd64', os.version: '10.0', java.version: '1.8.0_282'
Driver info: org.openqa.selenium.chrome.ChromeDriver
Capabilities {acceptInsecureCerts: false, browserName: chrome, browserVersion: 102.0.5005.115, chrome: {chromedriverVersion: 102.0.5005.61 (0e59bcc00cc4..., userDataDir: C:\Users\User\AppData\Local...}, goog:chromeOptions: {debuggerAddress: localhost:65465}, javascriptEnabled: true, networkConnectionEnabled: false, pageLoadStrategy: normal, platform: WINDOWS, platformName: WINDOWS, proxy: Proxy(), setWindowRect: true, strictFileInteractability: false, timeouts: {implicit: 0, pageLoad: 300000, script: 30000}, unhandledPromptBehavior: dismiss and notify, webauthn:extension:credBlob: true, webauthn:extension:largeBlob: true, webauthn:virtualAuthenticators: true}
Session ID: 963bc0ad49dd69d41800c5e81b0151c7
*** Element info: {Using=xpath, value=//*[@placeholder='Current Addres']}
19:31:25.962 INFO  MyListener - org.openqa.selenium.NoSuchElementException: no such element: Unable to locate element: {"method":"xpath","selector":"//*[@placeholder='Current Addres']"}
  (Session info: chrome=102.0.5005.115)
For documentation on this error, please visit: https://www.seleniumhq.org/exceptions/no_such_element.html
Build info: version: '3.141.59', revision: 'e82be7d358', time: '2018-11-14T08:17:03'
System info: host: 'PKMONSTER', ip: '26.121.132.97', os.name: 'Windows 10', os.arch: 'amd64', os.version: '10.0', java.version: '1.8.0_282'
Driver info: org.openqa.selenium.chrome.ChromeDriver
Capabilities {acceptInsecureCerts: false, browserName: chrome, browserVersion: 102.0.5005.115, chrome: {chromedriverVersion: 102.0.5005.61 (0e59bcc00cc4..., userDataDir: C:\Users\User\AppData\Local...}, goog:chromeOptions: {debuggerAddress: localhost:65465}, javascriptEnabled: true, networkConnectionEnabled: false, pageLoadStrategy: normal, platform: WINDOWS, platformName: WINDOWS, proxy: Proxy(), setWindowRect: true, strictFileInteractability: false, timeouts: {implicit: 0, pageLoad: 300000, script: 30000}, unhandledPromptBehavior: dismiss and notify, webauthn:extension:credBlob: true, webauthn:extension:largeBlob: true, webauthn:virtualAuthenticators: true}
Session ID: 963bc0ad49dd69d41800c5e81b0151c7
*** Element info: {Using=xpath, value=//*[@placeholder='Current Addres']}
19:31:25.962 INFO  MyListener - This is link to 'your screen with error'--->src/test/screenshots/screen1885.png
19:31:26.139 INFO  MyListener - Start find element--->By.xpath: //a[@href='https://demoqa.com']
19:31:30.218 INFO  MyListener - 'We faced the problem' chrome not reachable
  (Session info: chrome=102.0.5005.115)
Build info: version: '3.141.59', revision: 'e82be7d358', time: '2018-11-14T08:17:03'
System info: host: 'PKMONSTER', ip: '26.121.132.97', os.name: 'Windows 10', os.arch: 'amd64', os.version: '10.0', java.version: '1.8.0_282'
Driver info: org.openqa.selenium.chrome.ChromeDriver
Capabilities {acceptInsecureCerts: false, browserName: chrome, browserVersion: 102.0.5005.115, chrome: {chromedriverVersion: 102.0.5005.61 (0e59bcc00cc4..., userDataDir: C:\Users\User\AppData\Local...}, goog:chromeOptions: {debuggerAddress: localhost:65465}, javascriptEnabled: true, networkConnectionEnabled: false, pageLoadStrategy: normal, platform: WINDOWS, platformName: WINDOWS, proxy: Proxy(), setWindowRect: true, strictFileInteractability: false, timeouts: {implicit: 0, pageLoad: 300000, script: 30000}, unhandledPromptBehavior: dismiss and notify, webauthn:extension:credBlob: true, webauthn:extension:largeBlob: true, webauthn:virtualAuthenticators: true}
Session ID: 963bc0ad49dd69d41800c5e81b0151c7
*** Element info: {Using=xpath, value=//a[@href='https://demoqa.com']}
19:31:30.218 INFO  MyListener - org.openqa.selenium.WebDriverException: chrome not reachable
  (Session info: chrome=102.0.5005.115)
Build info: version: '3.141.59', revision: 'e82be7d358', time: '2018-11-14T08:17:03'
System info: host: 'PKMONSTER', ip: '26.121.132.97', os.name: 'Windows 10', os.arch: 'amd64', os.version: '10.0', java.version: '1.8.0_282'
Driver info: org.openqa.selenium.chrome.ChromeDriver
Capabilities {acceptInsecureCerts: false, browserName: chrome, browserVersion: 102.0.5005.115, chrome: {chromedriverVersion: 102.0.5005.61 (0e59bcc00cc4..., userDataDir: C:\Users\User\AppData\Local...}, goog:chromeOptions: {debuggerAddress: localhost:65465}, javascriptEnabled: true, networkConnectionEnabled: false, pageLoadStrategy: normal, platform: WINDOWS, platformName: WINDOWS, proxy: Proxy(), setWindowRect: true, strictFileInteractability: false, timeouts: {implicit: 0, pageLoad: 300000, script: 30000}, unhandledPromptBehavior: dismiss and notify, webauthn:extension:credBlob: true, webauthn:extension:largeBlob: true, webauthn:virtualAuthenticators: true}
Session ID: 963bc0ad49dd69d41800c5e81b0151c7
*** Element info: {Using=xpath, value=//a[@href='https://demoqa.com']}
19:31:30.218 INFO  MyListener - This is link to 'your screen with error'--->src/test/screenshots/screen1890.png
